<?xml version="1.0" encoding="UTF-8"?>
<testng-results skipped="0" failed="1" ignored="2" total="14" passed="11">
  <reporter-output>
  </reporter-output>
  <suite name="Suite" duration-ms="232882" started-at="2020-12-03T23:20:21 IST" finished-at="2020-12-03T23:24:14 IST">
    <groups>
    </groups>
    <test name="Test" duration-ms="232882" started-at="2020-12-03T23:20:21 IST" finished-at="2020-12-03T23:24:14 IST">
      <class name="tests.Shopping_Firefox_Test">
        <test-method status="PASS" signature="validate_price(java.lang.String, java.lang.String, java.lang.String, java.lang.String, java.lang.String)[pri:1, instance:tests.Shopping_Firefox_Test@2781e022]" name="validate_price" duration-ms="62080" started-at="2020-12-03T23:22:48 IST" data-provider="getexcel_data" finished-at="2020-12-03T23:23:50 IST">
          <params>
            <param index="0">
              <value>
                <![CDATA[Blouse - My Store]]>
              </value>
            </param>
            <param index="1">
              <value>
                <![CDATA[$27.00]]>
              </value>
            </param>
            <param index="2">
              <value>
                <![CDATA[2.0]]>
              </value>
            </param>
            <param index="3">
              <value>
                <![CDATA[Blouse]]>
              </value>
            </param>
            <param index="4">
              <value>
                <![CDATA[$54.00]]>
              </value>
            </param>
          </params>
          <reporter-output>
          </reporter-output>
        </test-method> <!-- validate_price -->
        <test-method status="PASS" signature="getResult(org.testng.ITestResult)[pri:0, instance:tests.Shopping_Firefox_Test@2781e022]" name="getResult" is-config="true" duration-ms="0" started-at="2020-12-03T23:23:50 IST" finished-at="2020-12-03T23:23:50 IST">
          <params>
            <param index="0">
              <value>
                <![CDATA[[TestResult name=validate_price status=SUCCESS method=Shopping_Firefox_Test.validate_price(java.lang.String, java.lang.String, java.lang.String, java.lang.String, java.lang.String)[pri:1, instance:tests.Shopping_Firefox_Test@2781e022] output={null}]]]>
              </value>
            </param>
          </params>
          <reporter-output>
          </reporter-output>
        </test-method> <!-- getResult -->
        <test-method status="PASS" signature="validate_dress_title(java.lang.String, java.lang.String, java.lang.String, java.lang.String, java.lang.String)[pri:2, instance:tests.Shopping_Firefox_Test@2781e022]" name="validate_dress_title" duration-ms="6776" started-at="2020-12-03T23:23:50 IST" data-provider="getexcel_data" finished-at="2020-12-03T23:23:57 IST">
          <params>
            <param index="0">
              <value>
                <![CDATA[Blouse - My Store]]>
              </value>
            </param>
            <param index="1">
              <value>
                <![CDATA[$27.00]]>
              </value>
            </param>
            <param index="2">
              <value>
                <![CDATA[2.0]]>
              </value>
            </param>
            <param index="3">
              <value>
                <![CDATA[Blouse]]>
              </value>
            </param>
            <param index="4">
              <value>
                <![CDATA[$54.00]]>
              </value>
            </param>
          </params>
          <reporter-output>
          </reporter-output>
        </test-method> <!-- validate_dress_title -->
        <test-method status="PASS" signature="validate_success_message()[pri:3, instance:tests.Shopping_Firefox_Test@2781e022]" name="validate_success_message" duration-ms="3038" started-at="2020-12-03T23:23:57 IST" finished-at="2020-12-03T23:24:00 IST">
          <reporter-output>
          </reporter-output>
        </test-method> <!-- validate_success_message -->
        <test-method status="PASS" signature="getResult(org.testng.ITestResult)[pri:0, instance:tests.Shopping_Firefox_Test@2781e022]" name="getResult" is-config="true" duration-ms="0" started-at="2020-12-03T23:23:57 IST" finished-at="2020-12-03T23:23:57 IST">
          <params>
            <param index="0">
              <value>
                <![CDATA[[TestResult name=validate_dress_title status=SUCCESS method=Shopping_Firefox_Test.validate_dress_title(java.lang.String, java.lang.String, java.lang.String, java.lang.String, java.lang.String)[pri:2, instance:tests.Shopping_Firefox_Test@2781e022] output={null}]]]>
              </value>
            </param>
          </params>
          <reporter-output>
          </reporter-output>
        </test-method> <!-- getResult -->
        <test-method status="PASS" signature="getResult(org.testng.ITestResult)[pri:0, instance:tests.Shopping_Firefox_Test@2781e022]" name="getResult" is-config="true" duration-ms="0" started-at="2020-12-03T23:24:00 IST" finished-at="2020-12-03T23:24:00 IST">
          <params>
            <param index="0">
              <value>
                <![CDATA[[TestResult name=validate_success_message status=SUCCESS method=Shopping_Firefox_Test.validate_success_message()[pri:3, instance:tests.Shopping_Firefox_Test@2781e022] output={null}]]]>
              </value>
            </param>
          </params>
          <reporter-output>
          </reporter-output>
        </test-method> <!-- getResult -->
        <test-method status="PASS" signature="validate_cart_price(java.lang.String, java.lang.String, java.lang.String, java.lang.String, java.lang.String)[pri:4, instance:tests.Shopping_Firefox_Test@2781e022]" name="validate_cart_price" duration-ms="3064" started-at="2020-12-03T23:24:00 IST" data-provider="getexcel_data" finished-at="2020-12-03T23:24:03 IST">
          <params>
            <param index="0">
              <value>
                <![CDATA[Blouse - My Store]]>
              </value>
            </param>
            <param index="1">
              <value>
                <![CDATA[$27.00]]>
              </value>
            </param>
            <param index="2">
              <value>
                <![CDATA[2.0]]>
              </value>
            </param>
            <param index="3">
              <value>
                <![CDATA[Blouse]]>
              </value>
            </param>
            <param index="4">
              <value>
                <![CDATA[$54.00]]>
              </value>
            </param>
          </params>
          <reporter-output>
          </reporter-output>
        </test-method> <!-- validate_cart_price -->
        <test-method status="PASS" signature="getResult(org.testng.ITestResult)[pri:0, instance:tests.Shopping_Firefox_Test@2781e022]" name="getResult" is-config="true" duration-ms="0" started-at="2020-12-03T23:24:03 IST" finished-at="2020-12-03T23:24:03 IST">
          <params>
            <param index="0">
              <value>
                <![CDATA[[TestResult name=validate_cart_price status=SUCCESS method=Shopping_Firefox_Test.validate_cart_price(java.lang.String, java.lang.String, java.lang.String, java.lang.String, java.lang.String)[pri:4, instance:tests.Shopping_Firefox_Test@2781e022] output={null}]]]>
              </value>
            </param>
          </params>
          <reporter-output>
          </reporter-output>
        </test-method> <!-- getResult -->
        <test-method status="FAIL" signature="validate_cart_quantity(java.lang.String, java.lang.String, java.lang.String, java.lang.String, java.lang.String)[pri:5, instance:tests.Shopping_Firefox_Test@2781e022]" name="validate_cart_quantity" duration-ms="47" started-at="2020-12-03T23:24:04 IST" data-provider="getexcel_data" finished-at="2020-12-03T23:24:04 IST">
          <params>
            <param index="0">
              <value>
                <![CDATA[Blouse - My Store]]>
              </value>
            </param>
            <param index="1">
              <value>
                <![CDATA[$27.00]]>
              </value>
            </param>
            <param index="2">
              <value>
                <![CDATA[2.0]]>
              </value>
            </param>
            <param index="3">
              <value>
                <![CDATA[Blouse]]>
              </value>
            </param>
            <param index="4">
              <value>
                <![CDATA[$54.00]]>
              </value>
            </param>
          </params>
          <exception class="java.lang.AssertionError">
            <message>
              <![CDATA[The following asserts failed:
expected [2.0] but found [2]]]>
            </message>
            <full-stacktrace>
              <![CDATA[java.lang.AssertionError: The following asserts failed:
expected [2.0] but found [2]
at org.testng.asserts.SoftAssert.assertAll(SoftAssert.java:47)
at org.testng.asserts.SoftAssert.assertAll(SoftAssert.java:31)
at tests.Shopping_Firefox_Test.validate_cart_quantity(Shopping_Firefox_Test.java:81)
at sun.reflect.NativeMethodAccessorImpl.invoke0(Native Method)
at sun.reflect.NativeMethodAccessorImpl.invoke(Unknown Source)
at sun.reflect.DelegatingMethodAccessorImpl.invoke(Unknown Source)
at java.lang.reflect.Method.invoke(Unknown Source)
at org.testng.internal.MethodInvocationHelper.invokeMethod(MethodInvocationHelper.java:132)
at org.testng.internal.TestInvoker.invokeMethod(TestInvoker.java:599)
at org.testng.internal.TestInvoker.invokeTestMethod(TestInvoker.java:174)
at org.testng.internal.MethodRunner.runInSequence(MethodRunner.java:46)
at org.testng.internal.TestInvoker$MethodInvocationAgent.invoke(TestInvoker.java:822)
at org.testng.internal.TestInvoker.invokeTestMethods(TestInvoker.java:147)
at org.testng.internal.TestMethodWorker.invokeTestMethods(TestMethodWorker.java:146)
at org.testng.internal.TestMethodWorker.run(TestMethodWorker.java:128)
at java.util.ArrayList.forEach(Unknown Source)
at org.testng.TestRunner.privateRun(TestRunner.java:764)
at org.testng.TestRunner.run(TestRunner.java:585)
at org.testng.SuiteRunner.runTest(SuiteRunner.java:384)
at org.testng.SuiteRunner.runSequentially(SuiteRunner.java:378)
at org.testng.SuiteRunner.privateRun(SuiteRunner.java:337)
at org.testng.SuiteRunner.run(SuiteRunner.java:286)
at org.testng.SuiteRunnerWorker.runSuite(SuiteRunnerWorker.java:53)
at org.testng.SuiteRunnerWorker.run(SuiteRunnerWorker.java:96)
at org.testng.TestNG.runSuitesSequentially(TestNG.java:1218)
at org.testng.TestNG.runSuitesLocally(TestNG.java:1140)
at org.testng.TestNG.runSuites(TestNG.java:1069)
at org.testng.TestNG.run(TestNG.java:1037)
at org.testng.remote.AbstractRemoteTestNG.run(AbstractRemoteTestNG.java:115)
at org.testng.remote.RemoteTestNG.initAndRun(RemoteTestNG.java:251)
at org.testng.remote.RemoteTestNG.main(RemoteTestNG.java:77)
]]>
            </full-stacktrace>
          </exception> <!-- java.lang.AssertionError -->
          <reporter-output>
          </reporter-output>
        </test-method> <!-- validate_cart_quantity -->
        <test-method status="PASS" signature="getResult(org.testng.ITestResult)[pri:0, instance:tests.Shopping_Firefox_Test@2781e022]" name="getResult" is-config="true" duration-ms="1131" started-at="2020-12-03T23:24:04 IST" finished-at="2020-12-03T23:24:05 IST">
          <params>
            <param index="0">
              <value>
                <![CDATA[[TestResult name=validate_cart_quantity status=FAILURE method=Shopping_Firefox_Test.validate_cart_quantity(java.lang.String, java.lang.String, java.lang.String, java.lang.String, java.lang.String)[pri:5, instance:tests.Shopping_Firefox_Test@2781e022] output={null}]]]>
              </value>
            </param>
          </params>
          <reporter-output>
          </reporter-output>
        </test-method> <!-- getResult -->
        <test-method status="PASS" signature="validate_cart_total(java.lang.String, java.lang.String, java.lang.String, java.lang.String, java.lang.String)[pri:6, instance:tests.Shopping_Firefox_Test@2781e022]" name="validate_cart_total" duration-ms="8705" started-at="2020-12-03T23:24:05 IST" data-provider="getexcel_data" finished-at="2020-12-03T23:24:14 IST">
          <params>
            <param index="0">
              <value>
                <![CDATA[Blouse - My Store]]>
              </value>
            </param>
            <param index="1">
              <value>
                <![CDATA[$27.00]]>
              </value>
            </param>
            <param index="2">
              <value>
                <![CDATA[2.0]]>
              </value>
            </param>
            <param index="3">
              <value>
                <![CDATA[Blouse]]>
              </value>
            </param>
            <param index="4">
              <value>
                <![CDATA[$54.00]]>
              </value>
            </param>
          </params>
          <reporter-output>
          </reporter-output>
        </test-method> <!-- validate_cart_total -->
        <test-method status="PASS" signature="getResult(org.testng.ITestResult)[pri:0, instance:tests.Shopping_Firefox_Test@2781e022]" name="getResult" is-config="true" duration-ms="0" started-at="2020-12-03T23:24:14 IST" finished-at="2020-12-03T23:24:14 IST">
          <params>
            <param index="0">
              <value>
                <![CDATA[[TestResult name=validate_cart_total status=SUCCESS method=Shopping_Firefox_Test.validate_cart_total(java.lang.String, java.lang.String, java.lang.String, java.lang.String, java.lang.String)[pri:6, instance:tests.Shopping_Firefox_Test@2781e022] output={null}]]]>
              </value>
            </param>
          </params>
          <reporter-output>
          </reporter-output>
        </test-method> <!-- getResult -->
      </class> <!-- tests.Shopping_Firefox_Test -->
      <class name="tests.Shopping_Chrome_Test">
        <test-method status="PASS" signature="setUp()[pri:0, instance:tests.Shopping_Chrome_Test@4493d195]" name="setUp" is-config="true" duration-ms="768" started-at="2020-12-03T23:20:20 IST" finished-at="2020-12-03T23:20:21 IST">
          <reporter-output>
          </reporter-output>
        </test-method> <!-- setUp -->
        <test-method status="PASS" signature="validate_price(java.lang.String, java.lang.String, java.lang.String, java.lang.String, java.lang.String)[pri:1, instance:tests.Shopping_Chrome_Test@4493d195]" name="validate_price" duration-ms="119592" started-at="2020-12-03T23:20:25 IST" data-provider="getexcel_data" finished-at="2020-12-03T23:22:25 IST">
          <params>
            <param index="0">
              <value>
                <![CDATA[Printed Chiffon Dress - My Store]]>
              </value>
            </param>
            <param index="1">
              <value>
                <![CDATA[$16.40]]>
              </value>
            </param>
            <param index="2">
              <value>
                <![CDATA[1]]>
              </value>
            </param>
            <param index="3">
              <value>
                <![CDATA[Printed Chiffon Dress]]>
              </value>
            </param>
            <param index="4">
              <value>
                <![CDATA[$16.40]]>
              </value>
            </param>
          </params>
          <reporter-output>
          </reporter-output>
        </test-method> <!-- validate_price -->
        <test-method status="PASS" signature="getResult(org.testng.ITestResult)[pri:0, instance:tests.Shopping_Chrome_Test@4493d195]" name="getResult" is-config="true" duration-ms="331" started-at="2020-12-03T23:22:25 IST" finished-at="2020-12-03T23:22:25 IST">
          <params>
            <param index="0">
              <value>
                <![CDATA[[TestResult name=validate_price status=SUCCESS method=Shopping_Chrome_Test.validate_price(java.lang.String, java.lang.String, java.lang.String, java.lang.String, java.lang.String)[pri:1, instance:tests.Shopping_Chrome_Test@4493d195] output={null}]]]>
              </value>
            </param>
          </params>
          <reporter-output>
          </reporter-output>
        </test-method> <!-- getResult -->
        <test-method status="PASS" signature="validate_dress_title(java.lang.String, java.lang.String, java.lang.String, java.lang.String, java.lang.String)[pri:2, instance:tests.Shopping_Chrome_Test@4493d195]" name="validate_dress_title" duration-ms="8102" started-at="2020-12-03T23:22:25 IST" data-provider="getexcel_data" finished-at="2020-12-03T23:22:33 IST">
          <params>
            <param index="0">
              <value>
                <![CDATA[Printed Chiffon Dress - My Store]]>
              </value>
            </param>
            <param index="1">
              <value>
                <![CDATA[$16.40]]>
              </value>
            </param>
            <param index="2">
              <value>
                <![CDATA[1]]>
              </value>
            </param>
            <param index="3">
              <value>
                <![CDATA[Printed Chiffon Dress]]>
              </value>
            </param>
            <param index="4">
              <value>
                <![CDATA[$16.40]]>
              </value>
            </param>
          </params>
          <reporter-output>
          </reporter-output>
        </test-method> <!-- validate_dress_title -->
        <test-method status="PASS" signature="getResult(org.testng.ITestResult)[pri:0, instance:tests.Shopping_Chrome_Test@4493d195]" name="getResult" is-config="true" duration-ms="0" started-at="2020-12-03T23:22:33 IST" finished-at="2020-12-03T23:22:33 IST">
          <params>
            <param index="0">
              <value>
                <![CDATA[[TestResult name=validate_dress_title status=SUCCESS method=Shopping_Chrome_Test.validate_dress_title(java.lang.String, java.lang.String, java.lang.String, java.lang.String, java.lang.String)[pri:2, instance:tests.Shopping_Chrome_Test@4493d195] output={null}]]]>
              </value>
            </param>
          </params>
          <reporter-output>
          </reporter-output>
        </test-method> <!-- getResult -->
        <test-method status="PASS" signature="validate_success_message()[pri:3, instance:tests.Shopping_Chrome_Test@4493d195]" name="validate_success_message" duration-ms="3075" started-at="2020-12-03T23:22:33 IST" finished-at="2020-12-03T23:22:36 IST">
          <reporter-output>
          </reporter-output>
        </test-method> <!-- validate_success_message -->
        <test-method status="PASS" signature="getResult(org.testng.ITestResult)[pri:0, instance:tests.Shopping_Chrome_Test@4493d195]" name="getResult" is-config="true" duration-ms="0" started-at="2020-12-03T23:22:36 IST" finished-at="2020-12-03T23:22:36 IST">
          <params>
            <param index="0">
              <value>
                <![CDATA[[TestResult name=validate_success_message status=SUCCESS method=Shopping_Chrome_Test.validate_success_message()[pri:3, instance:tests.Shopping_Chrome_Test@4493d195] output={null}]]]>
              </value>
            </param>
          </params>
          <reporter-output>
          </reporter-output>
        </test-method> <!-- getResult -->
        <test-method status="PASS" signature="validate_cart_price(java.lang.String, java.lang.String, java.lang.String, java.lang.String, java.lang.String)[pri:4, instance:tests.Shopping_Chrome_Test@4493d195]" name="validate_cart_price" duration-ms="3074" started-at="2020-12-03T23:22:37 IST" data-provider="getexcel_data" finished-at="2020-12-03T23:22:40 IST">
          <params>
            <param index="0">
              <value>
                <![CDATA[Printed Chiffon Dress - My Store]]>
              </value>
            </param>
            <param index="1">
              <value>
                <![CDATA[$16.40]]>
              </value>
            </param>
            <param index="2">
              <value>
                <![CDATA[1]]>
              </value>
            </param>
            <param index="3">
              <value>
                <![CDATA[Printed Chiffon Dress]]>
              </value>
            </param>
            <param index="4">
              <value>
                <![CDATA[$16.40]]>
              </value>
            </param>
          </params>
          <reporter-output>
          </reporter-output>
        </test-method> <!-- validate_cart_price -->
        <test-method status="PASS" signature="getResult(org.testng.ITestResult)[pri:0, instance:tests.Shopping_Chrome_Test@4493d195]" name="getResult" is-config="true" duration-ms="0" started-at="2020-12-03T23:22:40 IST" finished-at="2020-12-03T23:22:40 IST">
          <params>
            <param index="0">
              <value>
                <![CDATA[[TestResult name=validate_cart_price status=SUCCESS method=Shopping_Chrome_Test.validate_cart_price(java.lang.String, java.lang.String, java.lang.String, java.lang.String, java.lang.String)[pri:4, instance:tests.Shopping_Chrome_Test@4493d195] output={null}]]]>
              </value>
            </param>
          </params>
          <reporter-output>
          </reporter-output>
        </test-method> <!-- getResult -->
        <test-method status="PASS" signature="validate_cart_quantity(java.lang.String, java.lang.String, java.lang.String, java.lang.String, java.lang.String)[pri:5, instance:tests.Shopping_Chrome_Test@4493d195]" name="validate_cart_quantity" duration-ms="3109" started-at="2020-12-03T23:22:40 IST" data-provider="getexcel_data" finished-at="2020-12-03T23:22:43 IST">
          <params>
            <param index="0">
              <value>
                <![CDATA[Printed Chiffon Dress - My Store]]>
              </value>
            </param>
            <param index="1">
              <value>
                <![CDATA[$16.40]]>
              </value>
            </param>
            <param index="2">
              <value>
                <![CDATA[1]]>
              </value>
            </param>
            <param index="3">
              <value>
                <![CDATA[Printed Chiffon Dress]]>
              </value>
            </param>
            <param index="4">
              <value>
                <![CDATA[$16.40]]>
              </value>
            </param>
          </params>
          <reporter-output>
          </reporter-output>
        </test-method> <!-- validate_cart_quantity -->
        <test-method status="PASS" signature="getResult(org.testng.ITestResult)[pri:0, instance:tests.Shopping_Chrome_Test@4493d195]" name="getResult" is-config="true" duration-ms="0" started-at="2020-12-03T23:22:43 IST" finished-at="2020-12-03T23:22:43 IST">
          <params>
            <param index="0">
              <value>
                <![CDATA[[TestResult name=validate_cart_quantity status=SUCCESS method=Shopping_Chrome_Test.validate_cart_quantity(java.lang.String, java.lang.String, java.lang.String, java.lang.String, java.lang.String)[pri:5, instance:tests.Shopping_Chrome_Test@4493d195] output={null}]]]>
              </value>
            </param>
          </params>
          <reporter-output>
          </reporter-output>
        </test-method> <!-- getResult -->
        <test-method status="PASS" signature="validate_cart_total(java.lang.String, java.lang.String, java.lang.String, java.lang.String, java.lang.String)[pri:6, instance:tests.Shopping_Chrome_Test@4493d195]" name="validate_cart_total" duration-ms="5122" started-at="2020-12-03T23:22:43 IST" data-provider="getexcel_data" finished-at="2020-12-03T23:22:48 IST">
          <params>
            <param index="0">
              <value>
                <![CDATA[Printed Chiffon Dress - My Store]]>
              </value>
            </param>
            <param index="1">
              <value>
                <![CDATA[$16.40]]>
              </value>
            </param>
            <param index="2">
              <value>
                <![CDATA[1]]>
              </value>
            </param>
            <param index="3">
              <value>
                <![CDATA[Printed Chiffon Dress]]>
              </value>
            </param>
            <param index="4">
              <value>
                <![CDATA[$16.40]]>
              </value>
            </param>
          </params>
          <reporter-output>
          </reporter-output>
        </test-method> <!-- validate_cart_total -->
        <test-method status="PASS" signature="getResult(org.testng.ITestResult)[pri:0, instance:tests.Shopping_Chrome_Test@4493d195]" name="getResult" is-config="true" duration-ms="0" started-at="2020-12-03T23:22:48 IST" finished-at="2020-12-03T23:22:48 IST">
          <params>
            <param index="0">
              <value>
                <![CDATA[[TestResult name=validate_cart_total status=SUCCESS method=Shopping_Chrome_Test.validate_cart_total(java.lang.String, java.lang.String, java.lang.String, java.lang.String, java.lang.String)[pri:6, instance:tests.Shopping_Chrome_Test@4493d195] output={null}]]]>
              </value>
            </param>
          </params>
          <reporter-output>
          </reporter-output>
        </test-method> <!-- getResult -->
        <test-method status="PASS" signature="tearDown()[pri:0, instance:tests.Shopping_Chrome_Test@4493d195]" name="tearDown" is-config="true" duration-ms="3937" started-at="2020-12-03T23:24:14 IST" finished-at="2020-12-03T23:24:18 IST">
          <reporter-output>
          </reporter-output>
        </test-method> <!-- tearDown -->
      </class> <!-- tests.Shopping_Chrome_Test -->
    </test> <!-- Test -->
  </suite> <!-- Suite -->
</testng-results>
