<html>
<head>
<title>TestNG:  Test</title>
<link href="../testng.css" rel="stylesheet" type="text/css" />
<link href="../my-testng.css" rel="stylesheet" type="text/css" />

<style type="text/css">
.log { display: none;} 
.stack-trace { display: none;} 
</style>
<script type="text/javascript">
<!--
function flip(e) {
  current = e.style.display;
  if (current == 'block') {
    e.style.display = 'none';
    return 0;
  }
  else {
    e.style.display = 'block';
    return 1;
  }
}

function toggleBox(szDivId, elem, msg1, msg2)
{
  var res = -1;  if (document.getElementById) {
    res = flip(document.getElementById(szDivId));
  }
  else if (document.all) {
    // this is the way old msie versions work
    res = flip(document.all[szDivId]);
  }
  if(elem) {
    if(res == 0) elem.innerHTML = msg1; else elem.innerHTML = msg2;
  }

}

function toggleAllBoxes() {
  if (document.getElementsByTagName) {
    d = document.getElementsByTagName('div');
    for (i = 0; i < d.length; i++) {
      if (d[i].className == 'log') {
        flip(d[i]);
      }
    }
  }
}

// -->
</script>

</head>
<body>
<h2 align='center'>Test</h2><table border='1' align="center">
<tr>
<td>Tests passed/Failed/Skipped:</td><td>11/1/0</td>
</tr><tr>
<td>Started on:</td><td>Mon Nov 30 17:51:31 IST 2020</td>
</tr>
<tr><td>Total time:</td><td>161 seconds (161935 ms)</td>
</tr><tr>
<td>Included groups:</td><td></td>
</tr><tr>
<td>Excluded groups:</td><td></td>
</tr>
</table><p/>
<small><i>(Hover the method name to see the test class name)</i></small><p/>
<table width='100%' border='1' class='invocation-failed'>
<tr><td colspan='4' align='center'><b>FAILED TESTS</b></td></tr>
<tr><td><b>Test method</b></td>
<td width="30%"><b>Exception</b></td>
<td width="10%"><b>Time (seconds)</b></td>
<td><b>Instance</b></td>
</tr>
<tr>
<td title='tests.Shopping_Firefox_Test.validate_cart_quantity()'><b>validate_cart_quantity</b><br>Test class: tests.Shopping_Firefox_Test<br>Parameters: Blouse - My Store, $27.00, 2.0, Blouse, $54.00</td>
<td><div><pre>java.lang.AssertionError: expected [2.0] but found [2]
	at tests.Shopping_Firefox_Test.validate_cart_quantity(Shopping_Firefox_Test.java:71)
	at java.util.ArrayList.forEach(Unknown Source)
... Removed 33 stack frames</pre></div><a href='#' onClick='toggleBox("stack-trace173440626", this, "Click to show all stack frames", "Click to hide stack frames")'>Click to show all stack frames</a>
<div class='stack-trace' id='stack-trace173440626'><pre>java.lang.AssertionError: expected [2.0] but found [2]
	at org.testng.Assert.fail(Assert.java:99)
	at org.testng.Assert.failNotEquals(Assert.java:1037)
	at org.testng.Assert.assertEqualsImpl(Assert.java:140)
	at org.testng.Assert.assertEquals(Assert.java:122)
	at org.testng.Assert.assertEquals(Assert.java:629)
	at org.testng.Assert.assertEquals(Assert.java:639)
	at tests.Shopping_Firefox_Test.validate_cart_quantity(Shopping_Firefox_Test.java:71)
	at sun.reflect.NativeMethodAccessorImpl.invoke0(Native Method)
	at sun.reflect.NativeMethodAccessorImpl.invoke(Unknown Source)
	at sun.reflect.DelegatingMethodAccessorImpl.invoke(Unknown Source)
	at java.lang.reflect.Method.invoke(Unknown Source)
	at org.testng.internal.MethodInvocationHelper.invokeMethod(MethodInvocationHelper.java:132)
	at org.testng.internal.TestInvoker.invokeMethod(TestInvoker.java:599)
	at org.testng.internal.TestInvoker.invokeTestMethod(TestInvoker.java:174)
	at org.testng.internal.MethodRunner.runInSequence(MethodRunner.java:46)
	at org.testng.internal.TestInvoker$MethodInvocationAgent.invoke(TestInvoker.java:822)
	at org.testng.internal.TestInvoker.invokeTestMethods(TestInvoker.java:147)
	at org.testng.internal.TestMethodWorker.invokeTestMethods(TestMethodWorker.java:146)
	at org.testng.internal.TestMethodWorker.run(TestMethodWorker.java:128)
	at java.util.ArrayList.forEach(Unknown Source)
	at org.testng.TestRunner.privateRun(TestRunner.java:764)
	at org.testng.TestRunner.run(TestRunner.java:585)
	at org.testng.SuiteRunner.runTest(SuiteRunner.java:384)
	at org.testng.SuiteRunner.runSequentially(SuiteRunner.java:378)
	at org.testng.SuiteRunner.privateRun(SuiteRunner.java:337)
	at org.testng.SuiteRunner.run(SuiteRunner.java:286)
	at org.testng.SuiteRunnerWorker.runSuite(SuiteRunnerWorker.java:53)
	at org.testng.SuiteRunnerWorker.run(SuiteRunnerWorker.java:96)
	at org.testng.TestNG.runSuitesSequentially(TestNG.java:1218)
	at org.testng.TestNG.runSuitesLocally(TestNG.java:1140)
	at org.testng.TestNG.runSuites(TestNG.java:1069)
	at org.testng.TestNG.run(TestNG.java:1037)
	at org.testng.remote.AbstractRemoteTestNG.run(AbstractRemoteTestNG.java:115)
	at org.testng.remote.RemoteTestNG.initAndRun(RemoteTestNG.java:251)
	at org.testng.remote.RemoteTestNG.main(RemoteTestNG.java:77)
</pre></div></td>
<td>0</td>
<td>tests.Shopping_Firefox_Test@2781e022</td></tr>
</table><p>
<table width='100%' border='1' class='invocation-passed'>
<tr><td colspan='4' align='center'><b>PASSED TESTS</b></td></tr>
<tr><td><b>Test method</b></td>
<td width="30%"><b>Exception</b></td>
<td width="10%"><b>Time (seconds)</b></td>
<td><b>Instance</b></td>
</tr>
<tr>
<td title='tests.Shopping_Chrome_Test.validate_cart_price()'><b>validate_cart_price</b><br>Test class: tests.Shopping_Chrome_Test<br>Parameters: Printed Chiffon Dress - My Store, $16.40, 1, Printed Chiffon Dress, $16.40</td>
<td></td>
<td>3</td>
<td>tests.Shopping_Chrome_Test@4493d195</td></tr>
<tr>
<td title='tests.Shopping_Firefox_Test.validate_cart_price()'><b>validate_cart_price</b><br>Test class: tests.Shopping_Firefox_Test<br>Parameters: Blouse - My Store, $27.00, 2.0, Blouse, $54.00</td>
<td></td>
<td>3</td>
<td>tests.Shopping_Firefox_Test@2781e022</td></tr>
<tr>
<td title='tests.Shopping_Chrome_Test.validate_cart_quantity()'><b>validate_cart_quantity</b><br>Test class: tests.Shopping_Chrome_Test<br>Parameters: Printed Chiffon Dress - My Store, $16.40, 1, Printed Chiffon Dress, $16.40</td>
<td></td>
<td>3</td>
<td>tests.Shopping_Chrome_Test@4493d195</td></tr>
<tr>
<td title='tests.Shopping_Chrome_Test.validate_cart_total()'><b>validate_cart_total</b><br>Test class: tests.Shopping_Chrome_Test<br>Parameters: Printed Chiffon Dress - My Store, $16.40, 1, Printed Chiffon Dress, $16.40</td>
<td></td>
<td>4</td>
<td>tests.Shopping_Chrome_Test@4493d195</td></tr>
<tr>
<td title='tests.Shopping_Firefox_Test.validate_cart_total()'><b>validate_cart_total</b><br>Test class: tests.Shopping_Firefox_Test<br>Parameters: Blouse - My Store, $27.00, 2.0, Blouse, $54.00</td>
<td></td>
<td>6</td>
<td>tests.Shopping_Firefox_Test@2781e022</td></tr>
<tr>
<td title='tests.Shopping_Chrome_Test.validate_dress_title()'><b>validate_dress_title</b><br>Test class: tests.Shopping_Chrome_Test<br>Parameters: Printed Chiffon Dress - My Store, $16.40, 1, Printed Chiffon Dress, $16.40</td>
<td></td>
<td>6</td>
<td>tests.Shopping_Chrome_Test@4493d195</td></tr>
<tr>
<td title='tests.Shopping_Firefox_Test.validate_dress_title()'><b>validate_dress_title</b><br>Test class: tests.Shopping_Firefox_Test<br>Parameters: Blouse - My Store, $27.00, 2.0, Blouse, $54.00</td>
<td></td>
<td>6</td>
<td>tests.Shopping_Firefox_Test@2781e022</td></tr>
<tr>
<td title='tests.Shopping_Chrome_Test.validate_price()'><b>validate_price</b><br>Test class: tests.Shopping_Chrome_Test<br>Parameters: Printed Chiffon Dress - My Store, $16.40, 1, Printed Chiffon Dress, $16.40</td>
<td></td>
<td>50</td>
<td>tests.Shopping_Chrome_Test@4493d195</td></tr>
<tr>
<td title='tests.Shopping_Firefox_Test.validate_price()'><b>validate_price</b><br>Test class: tests.Shopping_Firefox_Test<br>Parameters: Blouse - My Store, $27.00, 2.0, Blouse, $54.00</td>
<td></td>
<td>67</td>
<td>tests.Shopping_Firefox_Test@2781e022</td></tr>
<tr>
<td title='tests.Shopping_Chrome_Test.validate_success_message()'><b>validate_success_message</b><br>Test class: tests.Shopping_Chrome_Test</td>
<td></td>
<td>3</td>
<td>tests.Shopping_Chrome_Test@4493d195</td></tr>
<tr>
<td title='tests.Shopping_Firefox_Test.validate_success_message()'><b>validate_success_message</b><br>Test class: tests.Shopping_Firefox_Test</td>
<td></td>
<td>3</td>
<td>tests.Shopping_Firefox_Test@2781e022</td></tr>
</table><p>
</body>
</html>