<?xml version="1.0" encoding="UTF-8"?>
<!-- Generated by org.testng.reporters.JUnitXMLReporter -->
<testsuite hostname="Naveen-Gaddipati" ignored="2" name="Test" tests="12" failures="1" timestamp="2020-12-03T23:24:14 IST" time="232.882" errors="0">
  <testcase name="validate_price" time="119.592" classname="tests.Shopping_Chrome_Test"/>
  <testcase name="validate_dress_title" time="8.102" classname="tests.Shopping_Chrome_Test"/>
  <testcase name="validate_success_message" time="3.075" classname="tests.Shopping_Chrome_Test"/>
  <testcase name="validate_cart_price" time="3.074" classname="tests.Shopping_Chrome_Test"/>
  <testcase name="validate_cart_quantity" time="3.109" classname="tests.Shopping_Chrome_Test"/>
  <testcase name="validate_cart_total" time="5.122" classname="tests.Shopping_Chrome_Test"/>
  <testcase name="validate_price" time="62.08" classname="tests.Shopping_Firefox_Test"/>
  <testcase name="validate_dress_title" time="6.776" classname="tests.Shopping_Firefox_Test"/>
  <testcase name="validate_success_message" time="3.038" classname="tests.Shopping_Firefox_Test"/>
  <testcase name="validate_cart_price" time="3.064" classname="tests.Shopping_Firefox_Test"/>
  <testcase name="validate_cart_quantity" time="0.047" classname="tests.Shopping_Firefox_Test">
    <failure type="java.lang.AssertionError" message="The following asserts failed:
	expected [2.0] but found [2]">
      <![CDATA[java.lang.AssertionError: The following asserts failed:
expected [2.0] but found [2]
at tests.Shopping_Firefox_Test.validate_cart_quantity(Shopping_Firefox_Test.java:81)
at java.util.ArrayList.forEach(Unknown Source)
... Removed 29 stack frames]]>
    </failure>
  </testcase> <!-- validate_cart_quantity -->
  <testcase name="validate_cart_total" time="8.705" classname="tests.Shopping_Firefox_Test"/>
  <testcase name="@AfterSuite tearDown" time="0.0" classname="tests.ExtentReportTest">
    <ignored/>
  </testcase> <!-- @AfterSuite tearDown -->
  <testcase name="@BeforeSuite setUp" time="0.0" classname="tests.ExtentReportTest">
    <ignored/>
  </testcase> <!-- @BeforeSuite setUp -->
</testsuite> <!-- Test -->
